#
# There is insufficient memory for the Java Runtime Environment to continue.
# Native memory allocation (malloc) failed to allocate 1963696 bytes for Chunk::new
# Possible reasons:
#   The system is out of physical RAM or swap space
#   In 32 bit mode, the process size limit was hit
# Possible solutions:
#   Reduce memory load on the system
#   Increase physical memory or swap space
#   Check if swap backing store is full
#   Use 64 bit Java on a 64 bit OS
#   Decrease Java heap size (-Xmx/-Xms)
#   Decrease number of Java threads
#   Decrease Java thread stack sizes (-Xss)
#   Set larger code cache with -XX:ReservedCodeCacheSize=
# This output file may be truncated or incomplete.
#
#  Out of Memory Error (allocation.cpp:390), pid=2128, tid=0x000000000000109c
#
# JRE version: Java(TM) SE Runtime Environment (8.0_144-b01) (build 1.8.0_144-b01)
# Java VM: Java HotSpot(TM) 64-Bit Server VM (25.144-b01 mixed mode windows-amd64 compressed oops)
# Failed to write core dump. Minidumps are not enabled by default on client versions of Windows
#

---------------  T H R E A D  ---------------

Current thread (0x000000001d656000):  JavaThread "C2 CompilerThread2" daemon [_thread_in_native, id=4252, stack(0x000000001efc0000,0x000000001f0c0000)]

Stack: [0x000000001efc0000,0x000000001f0c0000]
[error occurred during error reporting (printing stack bounds), id 0xc0000005]

Native frames: (J=compiled Java code, j=interpreted, Vv=VM code, C=native code)


Current CompileTask:
C2:   6432 4225   !   4       java.net.URLClassLoader$1::run (63 bytes)


---------------  P R O C E S S  ---------------

Java Threads: ( => current thread )
  0x0000000022c66800 JavaThread "p: thread-pool-1; w: 5" daemon [_thread_blocked, id=2456, stack(0x000000002b030000,0x000000002b130000)]
  0x0000000022c66000 JavaThread "p: thread-pool-1; w: 4" daemon [_thread_blocked, id=8344, stack(0x000000002aee0000,0x000000002afe0000)]
  0x0000000022c65000 JavaThread "p: thread-pool-1; w: 3" daemon [_thread_blocked, id=7992, stack(0x000000002ace0000,0x000000002ade0000)]
  0x0000000022c64800 JavaThread "p: thread-pool-1; w: 2" daemon [_thread_blocked, id=5868, stack(0x000000002abe0000,0x000000002ace0000)]
  0x0000000022c63800 JavaThread "p: thread-pool-1; w: 1" daemon [_thread_blocked, id=4808, stack(0x000000002aa10000,0x000000002ab10000)]
  0x0000000022c63000 JavaThread "dol-jar-scanner" daemon [_thread_blocked, id=7452, stack(0x0000000029700000,0x0000000029800000)]
  0x0000000022c62000 JavaThread "dol-jar-scanner" daemon [_thread_blocked, id=5208, stack(0x0000000029560000,0x0000000029660000)]
  0x0000000022c60000 JavaThread "ContainerBackgroundProcessor[StandardEngine[glassfish-web]]" daemon [_thread_blocked, id=8712, stack(0x00000000286f0000,0x00000000287f0000)]
  0x0000000022c5f000 JavaThread "ContainerBackgroundProcessor[StandardEngine[glassfish-web].StandardHost[server].StandardContext[]]" daemon [_thread_blocked, id=6800, stack(0x0000000028b70000,0x0000000028c70000)]
  0x0000000022c5e800 JavaThread "Thread-18" daemon [_thread_blocked, id=6508, stack(0x0000000028800000,0x0000000028900000)]
  0x0000000022c5d800 JavaThread "Timer-1" daemon [_thread_blocked, id=3948, stack(0x0000000028570000,0x0000000028670000)]
  0x0000000022c5c000 JavaThread "pool-11-thread-1" daemon [_thread_blocked, id=3580, stack(0x0000000028120000,0x0000000028220000)]
  0x0000000022c5b800 JavaThread "pool-12-thread-1" daemon [_thread_blocked, id=8248, stack(0x0000000027f50000,0x0000000028050000)]
  0x0000000022c5a800 JavaThread "deployment-jar-scanner" daemon [_thread_blocked, id=7820, stack(0x0000000027c20000,0x0000000027d20000)]
  0x0000000022c59800 JavaThread "deployment-jar-scanner" daemon [_thread_blocked, id=3300, stack(0x0000000027b10000,0x0000000027c10000)]
  0x0000000022c59000 JavaThread "deployment-jar-scanner" daemon [_thread_blocked, id=7836, stack(0x0000000025d70000,0x0000000025e70000)]
  0x0000000022c58000 JavaThread "deployment-jar-scanner" daemon [_thread_blocked, id=7276, stack(0x00000000279d0000,0x0000000027ad0000)]
  0x0000000021d51800 JavaThread "deployment-jar-scanner" daemon [_thread_blocked, id=9964, stack(0x00000000278b0000,0x00000000279b0000)]
  0x0000000021d51000 JavaThread "deployment-jar-scanner" daemon [_thread_blocked, id=5612, stack(0x00000000277a0000,0x00000000278a0000)]
  0x0000000021d50000 JavaThread "deployment-jar-scanner" daemon [_thread_blocked, id=7212, stack(0x0000000027200000,0x0000000027300000)]
  0x0000000021d4f800 JavaThread "deployment-jar-scanner" daemon [_thread_blocked, id=6356, stack(0x0000000026080000,0x0000000026180000)]
  0x0000000021d4d000 JavaThread "GlassFish Kernel Main Thread" [_thread_blocked, id=6536, stack(0x0000000027330000,0x0000000027430000)]
  0x0000000021d4c800 JavaThread "DynamicReloader" daemon [_thread_blocked, id=10232, stack(0x0000000027470000,0x0000000027570000)]
  0x0000000021d4b800 JavaThread "transaction-manager" daemon [_thread_blocked, id=7480, stack(0x0000000025e90000,0x0000000025f90000)]
  0x0000000021d4b000 JavaThread "Thread-5" daemon [_thread_blocked, id=9840, stack(0x00000000248f0000,0x00000000249f0000)]
  0x0000000021d4a000 JavaThread "Thread-4" daemon [_thread_blocked, id=8016, stack(0x00000000255b0000,0x00000000256b0000)]
  0x0000000021d49800 JavaThread "pool-10-thread-1" daemon [_thread_blocked, id=9912, stack(0x00000000257d0000,0x00000000258d0000)]
  0x0000000021d48800 JavaThread "pool-9-thread-1" daemon [_thread_blocked, id=9220, stack(0x0000000022120000,0x0000000022220000)]
  0x0000000021d48000 JavaThread "Thread-3" daemon [_thread_blocked, id=712, stack(0x00000000256c0000,0x00000000257c0000)]
  0x0000000021d47000 JavaThread "pool-8-thread-1" daemon [_thread_blocked, id=7568, stack(0x0000000025490000,0x0000000025590000)]
  0x0000000021d46800 JavaThread "pool-7-thread-1" daemon [_thread_blocked, id=8820, stack(0x0000000025350000,0x0000000025450000)]
  0x0000000021d45800 JavaThread "http-listener-kernel(1) SelectorRunner" daemon [_thread_in_native, id=9120, stack(0x0000000025210000,0x0000000025310000)]
  0x0000000021d45000 JavaThread "http-listener-expirer(1)" daemon [_thread_blocked, id=8412, stack(0x0000000024e80000,0x0000000024f80000)]
  0x0000000021d44000 JavaThread "http-listener(5)" daemon [_thread_blocked, id=9272, stack(0x0000000024b00000,0x0000000024c00000)]
  0x0000000021d43800 JavaThread "http-listener(4)" daemon [_thread_blocked, id=8236, stack(0x0000000024d30000,0x0000000024e30000)]
  0x0000000021d42800 JavaThread "http-listener(3)" daemon [_thread_blocked, id=9692, stack(0x0000000024c10000,0x0000000024d10000)]
  0x000000001d895000 JavaThread "http-listener(2)" daemon [_thread_blocked, id=9064, stack(0x0000000024a00000,0x0000000024b00000)]
  0x000000001d85f000 JavaThread "http-listener(1)" daemon [_thread_blocked, id=5660, stack(0x00000000247e0000,0x00000000248e0000)]
  0x000000001fbd7800 JavaThread "Grizzly-HttpSession-Expirer" daemon [_thread_blocked, id=8220, stack(0x0000000023bd0000,0x0000000023cd0000)]
  0x00000000204d7000 JavaThread "pool-6-thread-1" daemon [_thread_blocked, id=8376, stack(0x0000000024110000,0x0000000024210000)]
  0x00000000204d6800 JavaThread "pool-5-thread-1" daemon [_thread_blocked, id=9344, stack(0x0000000024410000,0x0000000024510000)]
  0x0000000021989800 JavaThread "pool-4-thread-1" daemon [_thread_blocked, id=4160, stack(0x0000000024250000,0x0000000024350000)]
  0x0000000020c3b000 JavaThread "pool-3-thread-1" daemon [_thread_blocked, id=6780, stack(0x0000000023fc0000,0x00000000240c0000)]
  0x0000000020c3a000 JavaThread "pool-2-thread-1" daemon [_thread_blocked, id=8892, stack(0x0000000023d20000,0x0000000023e20000)]
  0x000000002106a800 JavaThread "pool-1-thread-1" daemon [_thread_blocked, id=5516, stack(0x0000000023e80000,0x0000000023f80000)]
  0x000000002186a000 JavaThread "Timer-0" daemon [_thread_blocked, id=2400, stack(0x0000000022360000,0x0000000022460000)]
  0x000000001d6e1000 JavaThread "Service Thread" daemon [_thread_blocked, id=9268, stack(0x000000001f2d0000,0x000000001f3d0000)]
  0x000000001d67b000 JavaThread "C1 CompilerThread3" daemon [_thread_blocked, id=8224, stack(0x000000001f1b0000,0x000000001f2b0000)]
=>0x000000001d656000 JavaThread "C2 CompilerThread2" daemon [_thread_in_native, id=4252, stack(0x000000001efc0000,0x000000001f0c0000)]
  0x000000001d648000 JavaThread "C2 CompilerThread1" daemon [_thread_blocked, id=7200, stack(0x000000001ee10000,0x000000001ef10000)]
  0x000000001d642800 JavaThread "C2 CompilerThread0" daemon [_thread_blocked, id=4192, stack(0x000000001ed00000,0x000000001ee00000)]
  0x000000001d63d000 JavaThread "Attach Listener" daemon [_thread_blocked, id=5928, stack(0x000000001ea60000,0x000000001eb60000)]
  0x000000001d63b800 JavaThread "Signal Dispatcher" daemon [_thread_blocked, id=3044, stack(0x000000001e940000,0x000000001ea40000)]
  0x000000001c58d000 JavaThread "Finalizer" daemon [_thread_blocked, id=3856, stack(0x000000001e550000,0x000000001e650000)]
  0x000000001c586800 JavaThread "Reference Handler" daemon [_thread_blocked, id=9168, stack(0x000000001e7a0000,0x000000001e8a0000)]
  0x000000000220f000 JavaThread "main" [_thread_in_vm, id=6156, stack(0x00000000024c0000,0x00000000025c0000)]

Other Threads:
  0x000000000230f800 VMThread [stack: 0x000000001e650000,0x000000001e750000] [id=7920]
  0x000000001d6c4000 WatcherThread [stack: 0x000000001f3e0000,0x000000001f4e0000] [id=3704]

VM state:not at safepoint (normal execution)

VM Mutex/Monitor currently owned by a thread: None

Heap:
 PSYoungGen      total 111104K, used 15349K [0x000000076ab00000, 0x0000000772d00000, 0x00000007c0000000)
  eden space 95232K, 16% used [0x000000076ab00000,0x000000076b9fd758,0x0000000770800000)
  from space 15872K, 0% used [0x0000000771880000,0x0000000771880000,0x0000000772800000)
  to   space 16896K, 0% used [0x0000000770800000,0x0000000770800000,0x0000000771880000)
 ParOldGen       total 114688K, used 32635K [0x00000006c0000000, 0x00000006c7000000, 0x000000076ab00000)
  object space 114688K, 28% used [0x00000006c0000000,0x00000006c1fdee30,0x00000006c7000000)
 Metaspace       used 47166K, capacity 47754K, committed 48000K, reserved 1091584K
  class space    used 5592K, capacity 5759K, committed 5760K, reserved 1048576K

Card table byte_map: [0x0000000011c50000,0x0000000012460000] byte_map_base: 0x000000000e650000

Marking Bits: (ParMarkBitMap*) 0x00000000687cd850
 Begin Bits: [0x00000000133a0000, 0x00000000173a0000)
 End Bits:   [0x00000000173a0000, 0x000000001b3a0000)

Polling page: 0x0000000000230000

CodeCache: size=245760Kb used=13941Kb max_used=13941Kb free=231819Kb
 bounds [0x0000000002890000, 0x0000000003670000, 0x0000000011890000]
 total_blobs=4173 nmethods=3696 adapters=390
 compilation: enabled

Compilation events (10 events):
Event: 6.419 Thread 0x000000001d67b000 4298   !   3       java.text.MessageFormat::makeFormat (654 bytes)
Event: 6.422 Thread 0x000000001d67b000 nmethod 4298 0x00000000031557d0 code [0x0000000003155e00, 0x0000000003159b78]
Event: 6.422 Thread 0x000000001d67b000 4299       3       java.util.logging.Logger::accessCheckedHandlers (14 bytes)
Event: 6.422 Thread 0x000000001d67b000 nmethod 4299 0x00000000036095d0 code [0x0000000003609740, 0x00000000036099e8]
Event: 6.422 Thread 0x000000001d67b000 4300       3       java.util.concurrent.CopyOnWriteArrayList::toArray (47 bytes)
Event: 6.422 Thread 0x000000001d67b000 nmethod 4300 0x0000000003608c90 code [0x0000000003608e20, 0x0000000003609458]
Event: 6.422 Thread 0x000000001d67b000 4301       3       java.util.ResourceBundle::getDefaultControl (55 bytes)
Event: 6.422 Thread 0x000000001d67b000 nmethod 4301 0x00000000036088d0 code [0x0000000003608a40, 0x0000000003608bf0]
Event: 6.422 Thread 0x000000001d67b000 4302       3       java.util.ResourceBundle::getObject (82 bytes)
Event: 6.423 Thread 0x000000001d67b000 nmethod 4302 0x0000000003606fd0 code [0x0000000003607220, 0x00000000036082b8]

GC Heap History (10 events):
Event: 4.200 GC heap before
{Heap before GC invocations=7 (full 1):
 PSYoungGen      total 76288K, used 74144K [0x000000076ab00000, 0x0000000772800000, 0x00000007c0000000)
  eden space 65536K, 100% used [0x000000076ab00000,0x000000076eb00000,0x000000076eb00000)
  from space 10752K, 80% used [0x000000076eb00000,0x000000076f368050,0x000000076f580000)
  to   space 15872K, 0% used [0x0000000771880000,0x0000000771880000,0x0000000772800000)
 ParOldGen       total 114688K, used 13345K [0x00000006c0000000, 0x00000006c7000000, 0x000000076ab00000)
  object space 114688K, 11% used [0x00000006c0000000,0x00000006c0d086b8,0x00000006c7000000)
 Metaspace       used 29926K, capacity 30374K, committed 30720K, reserved 1077248K
  class space    used 3661K, capacity 3777K, committed 3840K, reserved 1048576K
Event: 4.210 GC heap after
Heap after GC invocations=7 (full 1):
 PSYoungGen      total 111104K, used 14377K [0x000000076ab00000, 0x0000000772d00000, 0x00000007c0000000)
  eden space 95232K, 0% used [0x000000076ab00000,0x000000076ab00000,0x0000000770800000)
  from space 15872K, 90% used [0x0000000771880000,0x000000077268a7b0,0x0000000772800000)
  to   space 16896K, 0% used [0x0000000770800000,0x0000000770800000,0x0000000771880000)
 ParOldGen       total 114688K, used 13353K [0x00000006c0000000, 0x00000006c7000000, 0x000000076ab00000)
  object space 114688K, 11% used [0x00000006c0000000,0x00000006c0d0a6b8,0x00000006c7000000)
 Metaspace       used 29926K, capacity 30374K, committed 30720K, reserved 1077248K
  class space    used 3661K, capacity 3777K, committed 3840K, reserved 1048576K
}
Event: 4.794 GC heap before
{Heap before GC invocations=8 (full 1):
 PSYoungGen      total 111104K, used 62674K [0x000000076ab00000, 0x0000000772d00000, 0x00000007c0000000)
  eden space 95232K, 50% used [0x000000076ab00000,0x000000076da2a238,0x0000000770800000)
  from space 15872K, 90% used [0x0000000771880000,0x000000077268a7b0,0x0000000772800000)
  to   space 16896K, 0% used [0x0000000770800000,0x0000000770800000,0x0000000771880000)
 ParOldGen       total 114688K, used 13353K [0x00000006c0000000, 0x00000006c7000000, 0x000000076ab00000)
  object space 114688K, 11% used [0x00000006c0000000,0x00000006c0d0a6b8,0x00000006c7000000)
 Metaspace       used 34778K, capacity 35244K, committed 35496K, reserved 1081344K
  class space    used 4231K, capacity 4338K, committed 4352K, reserved 1048576K
Event: 4.803 GC heap after
Heap after GC invocations=8 (full 1):
 PSYoungGen      total 112128K, used 15606K [0x000000076ab00000, 0x0000000772d00000, 0x00000007c0000000)
  eden space 95232K, 0% used [0x000000076ab00000,0x000000076ab00000,0x0000000770800000)
  from space 16896K, 92% used [0x0000000770800000,0x000000077173d8d0,0x0000000771880000)
  to   space 15872K, 0% used [0x0000000771880000,0x0000000771880000,0x0000000772800000)
 ParOldGen       total 114688K, used 13361K [0x00000006c0000000, 0x00000006c7000000, 0x000000076ab00000)
  object space 114688K, 11% used [0x00000006c0000000,0x00000006c0d0c6b8,0x00000006c7000000)
 Metaspace       used 34778K, capacity 35244K, committed 35496K, reserved 1081344K
  class space    used 4231K, capacity 4338K, committed 4352K, reserved 1048576K
}
Event: 4.803 GC heap before
{Heap before GC invocations=9 (full 2):
 PSYoungGen      total 112128K, used 15606K [0x000000076ab00000, 0x0000000772d00000, 0x00000007c0000000)
  eden space 95232K, 0% used [0x000000076ab00000,0x000000076ab00000,0x0000000770800000)
  from space 16896K, 92% used [0x0000000770800000,0x000000077173d8d0,0x0000000771880000)
  to   space 15872K, 0% used [0x0000000771880000,0x0000000771880000,0x0000000772800000)
 ParOldGen       total 114688K, used 13361K [0x00000006c0000000, 0x00000006c7000000, 0x000000076ab00000)
  object space 114688K, 11% used [0x00000006c0000000,0x00000006c0d0c6b8,0x00000006c7000000)
 Metaspace       used 34778K, capacity 35244K, committed 35496K, reserved 1081344K
  class space    used 4231K, capacity 4338K, committed 4352K, reserved 1048576K
Event: 4.876 GC heap after
Heap after GC invocations=9 (full 2):
 PSYoungGen      total 112128K, used 0K [0x000000076ab00000, 0x0000000772d00000, 0x00000007c0000000)
  eden space 95232K, 0% used [0x000000076ab00000,0x000000076ab00000,0x0000000770800000)
  from space 16896K, 0% used [0x0000000770800000,0x0000000770800000,0x0000000771880000)
  to   space 15872K, 0% used [0x0000000771880000,0x0000000771880000,0x0000000772800000)
 ParOldGen       total 114688K, used 25758K [0x00000006c0000000, 0x00000006c7000000, 0x000000076ab00000)
  object space 114688K, 22% used [0x00000006c0000000,0x00000006c1927a10,0x00000006c7000000)
 Metaspace       used 34778K, capacity 35244K, committed 35496K, reserved 1081344K
  class space    used 4231K, capacity 4338K, committed 4352K, reserved 1048576K
}
Event: 6.018 GC heap before
{Heap before GC invocations=10 (full 2):
 PSYoungGen      total 112128K, used 92958K [0x000000076ab00000, 0x0000000772d00000, 0x00000007c0000000)
  eden space 95232K, 97% used [0x000000076ab00000,0x00000007705c7bf8,0x0000000770800000)
  from space 16896K, 0% used [0x0000000770800000,0x0000000770800000,0x0000000771880000)
  to   space 15872K, 0% used [0x0000000771880000,0x0000000771880000,0x0000000772800000)
 ParOldGen       total 114688K, used 25758K [0x00000006c0000000, 0x00000006c7000000, 0x000000076ab00000)
  object space 114688K, 22% used [0x00000006c0000000,0x00000006c1927a10,0x00000006c7000000)
 Metaspace       used 45118K, capacity 45706K, committed 45952K, reserved 1089536K
  class space    used 5365K, capacity 5503K, committed 5504K, reserved 1048576K
Event: 6.037 GC heap after
Heap after GC invocations=10 (full 2):
 PSYoungGen      total 111104K, used 10849K [0x000000076ab00000, 0x0000000772d00000, 0x00000007c0000000)
  eden space 95232K, 0% used [0x000000076ab00000,0x000000076ab00000,0x0000000770800000)
  from space 15872K, 68% used [0x0000000771880000,0x00000007723186d0,0x0000000772800000)
  to   space 16896K, 0% used [0x0000000770800000,0x0000000770800000,0x0000000771880000)
 ParOldGen       total 114688K, used 25766K [0x00000006c0000000, 0x00000006c7000000, 0x000000076ab00000)
  object space 114688K, 22% used [0x00000006c0000000,0x00000006c1929a10,0x00000006c7000000)
 Metaspace       used 45118K, capacity 45706K, committed 45952K, reserved 1089536K
  class space    used 5365K, capacity 5503K, committed 5504K, reserved 1048576K
}
Event: 6.037 GC heap before
{Heap before GC invocations=11 (full 3):
 PSYoungGen      total 111104K, used 10849K [0x000000076ab00000, 0x0000000772d00000, 0x00000007c0000000)
  eden space 95232K, 0% used [0x000000076ab00000,0x000000076ab00000,0x0000000770800000)
  from space 15872K, 68% used [0x0000000771880000,0x00000007723186d0,0x0000000772800000)
  to   space 16896K, 0% used [0x0000000770800000,0x0000000770800000,0x0000000771880000)
 ParOldGen       total 114688K, used 25766K [0x00000006c0000000, 0x00000006c7000000, 0x000000076ab00000)
  object space 114688K, 22% used [0x00000006c0000000,0x00000006c1929a10,0x00000006c7000000)
 Metaspace       used 45118K, capacity 45706K, committed 45952K, reserved 1089536K
  class space    used 5365K, capacity 5503K, committed 5504K, reserved 1048576K
Event: 6.256 GC heap after
Heap after GC invocations=11 (full 3):
 PSYoungGen      total 111104K, used 0K [0x000000076ab00000, 0x0000000772d00000, 0x00000007c0000000)
  eden space 95232K, 0% used [0x000000076ab00000,0x000000076ab00000,0x0000000770800000)
  from space 15872K, 0% used [0x0000000771880000,0x0000000771880000,0x0000000772800000)
  to   space 16896K, 0% used [0x0000000770800000,0x0000000770800000,0x0000000771880000)
 ParOldGen       total 114688K, used 32635K [0x00000006c0000000, 0x00000006c7000000, 0x000000076ab00000)
  object space 114688K, 28% used [0x00000006c0000000,0x00000006c1fdee30,0x00000006c7000000)
 Metaspace       used 45118K, capacity 45706K, committed 45952K, reserved 1089536K
  class space    used 5365K, capacity 5503K, committed 5504K, reserved 1048576K
}

Deoptimization events (10 events):
Event: 5.302 Thread 0x000000000220f000 Uncommon trap: reason=unstable_if action=reinterpret pc=0x00000000029cf740 method=java.lang.CharacterData.of(I)Ljava/lang/CharacterData; @ 4
Event: 5.438 Thread 0x000000000220f000 Uncommon trap: reason=bimorphic action=maybe_recompile pc=0x0000000002bbdf08 method=java.util.Hashtable.get(Ljava/lang/Object;)Ljava/lang/Object; @ 6
Event: 5.487 Thread 0x0000000022c62000 Uncommon trap: reason=unstable_if action=reinterpret pc=0x00000000034a325c method=org.glassfish.hk2.external.org.objectweb.asm.ClassReader.readCode(Lorg/glassfish/hk2/external/org/objectweb/asm/MethodVisitor;Lorg/glassfish/hk2/external/org/objectweb/asm/C
Event: 5.487 Thread 0x0000000022c63000 Uncommon trap: reason=unstable_if action=reinterpret pc=0x00000000034a325c method=org.glassfish.hk2.external.org.objectweb.asm.ClassReader.readCode(Lorg/glassfish/hk2/external/org/objectweb/asm/MethodVisitor;Lorg/glassfish/hk2/external/org/objectweb/asm/C
Event: 5.625 Thread 0x000000000220f000 Uncommon trap: reason=unstable_if action=reinterpret pc=0x0000000002c9bd14 method=java.lang.Long.valueOf(J)Ljava/lang/Long; @ 5
Event: 5.754 Thread 0x000000000220f000 Uncommon trap: reason=class_check action=maybe_recompile pc=0x0000000002d204c8 method=java.util.Collections$UnmodifiableMap$UnmodifiableEntrySet$UnmodifiableEntry.getValue()Ljava/lang/Object; @ 4
Event: 5.754 Thread 0x000000000220f000 Uncommon trap: reason=class_check action=maybe_recompile pc=0x0000000002d204c8 method=java.util.Collections$UnmodifiableMap$UnmodifiableEntrySet$UnmodifiableEntry.getValue()Ljava/lang/Object; @ 4
Event: 5.754 Thread 0x000000000220f000 Uncommon trap: reason=class_check action=maybe_recompile pc=0x0000000002d204c8 method=java.util.Collections$UnmodifiableMap$UnmodifiableEntrySet$UnmodifiableEntry.getValue()Ljava/lang/Object; @ 4
Event: 5.919 Thread 0x000000000220f000 Uncommon trap: reason=class_check action=maybe_recompile pc=0x0000000002faca64 method=java.util.regex.Pattern$CharProperty$1.isSatisfiedBy(I)Z @ 5
Event: 5.982 Thread 0x000000000220f000 Uncommon trap: reason=unstable_if action=reinterpret pc=0x00000000030d3d1c method=java.util.HashMap.putVal(ILjava/lang/Object;Ljava/lang/Object;ZZ)Ljava/lang/Object; @ 85

Internal exceptions (10 events):
Event: 5.634 Thread 0x000000000220f000 Exception <a 'java/lang/NoSuchMethodError': <clinit>> (0x000000076e714350) thrown at [C:\re\workspace\8-2-build-windows-amd64-cygwin\jdk8u144\9417\hotspot\src\share\vm\prims\jni.cpp, line 1613]
Event: 5.636 Thread 0x000000000220f000 Exception <a 'java/lang/NoSuchMethodError': <clinit>> (0x000000076e716c00) thrown at [C:\re\workspace\8-2-build-windows-amd64-cygwin\jdk8u144\9417\hotspot\src\share\vm\prims\jni.cpp, line 1613]
Event: 5.637 Thread 0x000000000220f000 Exception <a 'java/lang/NoSuchMethodError': <clinit>> (0x000000076e728770) thrown at [C:\re\workspace\8-2-build-windows-amd64-cygwin\jdk8u144\9417\hotspot\src\share\vm\prims\jni.cpp, line 1613]
Event: 5.639 Thread 0x000000000220f000 Exception <a 'java/lang/NoSuchMethodError': <clinit>> (0x000000076e74ae28) thrown at [C:\re\workspace\8-2-build-windows-amd64-cygwin\jdk8u144\9417\hotspot\src\share\vm\prims\jni.cpp, line 1613]
Event: 5.640 Thread 0x000000000220f000 Exception <a 'java/lang/NoSuchMethodError': <clinit>> (0x000000076e768c80) thrown at [C:\re\workspace\8-2-build-windows-amd64-cygwin\jdk8u144\9417\hotspot\src\share\vm\prims\jni.cpp, line 1613]
Event: 5.641 Thread 0x000000000220f000 Exception <a 'java/lang/NoSuchMethodError': <clinit>> (0x000000076e781570) thrown at [C:\re\workspace\8-2-build-windows-amd64-cygwin\jdk8u144\9417\hotspot\src\share\vm\prims\jni.cpp, line 1613]
Event: 5.668 Thread 0x000000000220f000 Exception <a 'java/lang/NoSuchMethodError': <clinit>> (0x000000076e977110) thrown at [C:\re\workspace\8-2-build-windows-amd64-cygwin\jdk8u144\9417\hotspot\src\share\vm\prims\jni.cpp, line 1613]
Event: 5.719 Thread 0x000000000220f000 Exception <a 'java/lang/NoSuchMethodError': <clinit>> (0x000000076ee82d18) thrown at [C:\re\workspace\8-2-build-windows-amd64-cygwin\jdk8u144\9417\hotspot\src\share\vm\prims\jni.cpp, line 1613]
Event: 5.719 Thread 0x000000000220f000 Exception <a 'java/lang/NoSuchMethodError': <clinit>> (0x000000076ee91700) thrown at [C:\re\workspace\8-2-build-windows-amd64-cygwin\jdk8u144\9417\hotspot\src\share\vm\prims\jni.cpp, line 1613]
Event: 5.721 Thread 0x000000000220f000 Exception <a 'java/lang/NoSuchMethodError': <clinit>> (0x000000076eeae508) thrown at [C:\re\workspace\8-2-build-windows-amd64-cygwin\jdk8u144\9417\hotspot\src\share\vm\prims\jni.cpp, line 1613]

Events (10 events):
Event: 6.425 loading class org/eclipse/persistence/internal/indirection/ProxyIndirectionPolicy
Event: 6.425 loading class org/eclipse/persistence/internal/indirection/ProxyIndirectionPolicy done
Event: 6.427 loading class org/eclipse/persistence/internal/expressions/ConstantExpression
Event: 6.427 loading class org/eclipse/persistence/internal/expressions/ConstantExpression done
Event: 6.428 loading class org/eclipse/persistence/mappings/querykeys/OneToOneQueryKey
Event: 6.428 loading class org/eclipse/persistence/mappings/querykeys/OneToOneQueryKey done
Event: 6.428 loading class org/eclipse/persistence/mappings/querykeys/ForeignReferenceQueryKey
Event: 6.428 loading class org/eclipse/persistence/mappings/querykeys/ForeignReferenceQueryKey done
Event: 6.429 loading class org/eclipse/persistence/mappings/ForeignReferenceMapping$ExtendPessimisticLockScope
Event: 6.429 loading class org/eclipse/persistence/mappings/ForeignReferenceMapping$ExtendPessimisticLockScope done


Dynamic libraries:
0x000000013f8c0000 - 0x000000013f8f7000 	C:\Program Files\Java\jdk1.8.0_144\jre\bin\java.exe
0x0000000077280000 - 0x000000007742a000 	C:\Windows\SYSTEM32\ntdll.dll
0x0000000077160000 - 0x000000007727f000 	C:\Windows\system32\kernel32.dll
0x000007fefcfd0000 - 0x000007fefd03a000 	C:\Windows\system32\KERNELBASE.dll
0x000007fefeae0000 - 0x000007fefebbb000 	C:\Windows\system32\ADVAPI32.dll
0x000007fefecb0000 - 0x000007fefed4f000 	C:\Windows\system32\msvcrt.dll
0x000007feff100000 - 0x000007feff11f000 	C:\Windows\SYSTEM32\sechost.dll
0x000007feff460000 - 0x000007feff58d000 	C:\Windows\system32\RPCRT4.dll
0x0000000077060000 - 0x000000007715a000 	C:\Windows\system32\USER32.dll
0x000007fefea70000 - 0x000007fefead7000 	C:\Windows\system32\GDI32.dll
0x000007fefe9b0000 - 0x000007fefe9be000 	C:\Windows\system32\LPK.dll
0x000007fefed50000 - 0x000007fefee1b000 	C:\Windows\system32\USP10.dll
0x000007fefb940000 - 0x000007fefbb34000 	C:\Windows\WinSxS\amd64_microsoft.windows.common-controls_6595b64144ccf1df_6.0.7601.18837_none_fa3b1e3d17594757\COMCTL32.dll
0x000007fefe820000 - 0x000007fefe891000 	C:\Windows\system32\SHLWAPI.dll
0x000007fefea40000 - 0x000007fefea6e000 	C:\Windows\system32\IMM32.DLL
0x000007fefe8a0000 - 0x000007fefe9a9000 	C:\Windows\system32\MSCTF.dll
0x000000006dd50000 - 0x000000006de22000 	C:\Program Files\Java\jdk1.8.0_144\jre\bin\msvcr100.dll
0x0000000067fb0000 - 0x000000006884d000 	C:\Program Files\Java\jdk1.8.0_144\jre\bin\server\jvm.dll
0x000007fef5360000 - 0x000007fef5369000 	C:\Windows\system32\WSOCK32.dll
0x000007fefec60000 - 0x000007fefecad000 	C:\Windows\system32\WS2_32.dll
0x000007feff450000 - 0x000007feff458000 	C:\Windows\system32\NSI.dll
0x000007fefafd0000 - 0x000007fefb00b000 	C:\Windows\system32\WINMM.dll
0x000007fefc030000 - 0x000007fefc03c000 	C:\Windows\system32\VERSION.dll
0x0000000077450000 - 0x0000000077457000 	C:\Windows\system32\PSAPI.DLL
0x00000000732f0000 - 0x00000000732ff000 	C:\Program Files\Java\jdk1.8.0_144\jre\bin\verify.dll
0x00000000732c0000 - 0x00000000732e9000 	C:\Program Files\Java\jdk1.8.0_144\jre\bin\java.dll
0x00000000732a0000 - 0x00000000732b6000 	C:\Program Files\Java\jdk1.8.0_144\jre\bin\zip.dll
0x000007fefd330000 - 0x000007fefe0bb000 	C:\Windows\system32\SHELL32.dll
0x000007fefee20000 - 0x000007feff01c000 	C:\Windows\system32\ole32.dll
0x000007fefcf80000 - 0x000007fefcf8f000 	C:\Windows\system32\profapi.dll
0x000007fefc760000 - 0x000007fefc778000 	C:\Windows\system32\CRYPTSP.dll
0x000007fefc460000 - 0x000007fefc4a7000 	C:\Windows\system32\rsaenh.dll
0x000007fefd2a0000 - 0x000007fefd2be000 	C:\Windows\system32\USERENV.dll
0x000007fefcd70000 - 0x000007fefcd7f000 	C:\Windows\system32\CRYPTBASE.dll
0x000000006e2e0000 - 0x000000006e2fa000 	C:\Program Files\Java\jdk1.8.0_144\jre\bin\net.dll
0x000007fefc700000 - 0x000007fefc755000 	C:\Windows\system32\mswsock.dll
0x000007fefc6f0000 - 0x000007fefc6f7000 	C:\Windows\System32\wship6.dll
0x000007fefacb0000 - 0x000007fefacd7000 	C:\Windows\system32\IPHLPAPI.DLL
0x000007fefaca0000 - 0x000007fefacab000 	C:\Windows\system32\WINNSI.DLL
0x000007fefaad0000 - 0x000007fefaae1000 	C:\Windows\system32\dhcpcsvc6.DLL
0x000007fefaab0000 - 0x000007fefaac8000 	C:\Windows\system32\dhcpcsvc.DLL
0x000000006e2b0000 - 0x000000006e2c1000 	C:\Program Files\Java\jdk1.8.0_144\jre\bin\nio.dll
0x000007fefaee0000 - 0x000007fefaef5000 	C:\Windows\system32\NLAapi.dll
0x000007fef6d60000 - 0x000007fef6d75000 	C:\Windows\system32\napinsp.dll
0x000007fef6d20000 - 0x000007fef6d39000 	C:\Windows\system32\pnrpnsp.dll
0x000007fefc580000 - 0x000007fefc5db000 	C:\Windows\system32\DNSAPI.dll
0x000007fef6c80000 - 0x000007fef6c8b000 	C:\Windows\System32\winrnr.dll
0x000007fefc100000 - 0x000007fefc107000 	C:\Windows\System32\wshtcpip.dll
0x000007fef8010000 - 0x000007fef8018000 	C:\Windows\system32\rasadhlp.dll
0x000007fefab60000 - 0x000007fefabb3000 	C:\Windows\System32\fwpuclnt.dll
0x0000000073290000 - 0x000000007329d000 	C:\Program Files\Java\jdk1.8.0_144\jre\bin\management.dll
0x000000006df30000 - 0x000000006df54000 	C:\Program Files\Java\jdk1.8.0_144\jre\bin\sunec.dll
0x000000006d9f0000 - 0x000000006db88000 	C:\Program Files\Java\jdk1.8.0_144\jre\bin\awt.dll
0x000007feff020000 - 0x000007feff0fa000 	C:\Windows\system32\OLEAUT32.dll

VM Arguments:
java_command: C:\Users\cm.sarmiento10\Documents\s1_grupos\grupos-back\target\surefire\surefirebooter3928046967652582873.jar C:\Users\cm.sarmiento10\Documents\s1_grupos\grupos-back\target\surefire\surefire6351966239154919590tmp C:\Users\cm.sarmiento10\Documents\s1_grupos\grupos-back\target\surefire\surefire1198668738133853524tmp
java_class_path (initial): C:\Users\cm.sarmiento10\Documents\s1_grupos\grupos-back\target\surefire\surefirebooter3928046967652582873.jar
Launcher Type: SUN_STANDARD

Environment Variables:
JAVA_HOME=C:\Program Files\Java\jdk1.8.0_144
PATH=C:\ProgramData\Oracle\Java\javapath;C:\Windows\system32;C:\Windows;C:\Windows\System32\Wbem;C:\Windows\System32\WindowsPowerShell\v1.0\;C:\Program Files\Git\cmd;C:\Program Files\nodejs\
USERNAME=cm.sarmiento10
OS=Windows_NT
PROCESSOR_IDENTIFIER=Intel64 Family 6 Model 26 Stepping 4, GenuineIntel



---------------  S Y S T E M  ---------------

OS: Windows 7 , 64 bit Build 7601 (6.1.7601.23807)

CPU:total 8 (initial active 8) (4 cores per cpu, 1 threads per core) family 6 model 26 stepping 4, cmov, cx8, fxsr, mmx, sse, sse2, sse3, ssse3, sse4.1, sse4.2, popcnt, tsc, tscinvbit, tscinv

Memory: 4k page, physical 16776628k(1747564k free), swap 67104652k(6200k free)

vm_info: Java HotSpot(TM) 64-Bit Server VM (25.144-b01) for windows-amd64 JRE (1.8.0_144-b01), built on Jul 21 2017 21:57:33 by "java_re" with MS VC++ 10.0 (VS2010)

time: Sun Nov 12 08:31:44 2017
elapsed time: 6 seconds (0d 0h 0m 6s)

